Run: roi_clip_baseline_seed42_speedfix
Device: cuda | AMP: True
Protocol: official train/test only; no validation split is used.
Split: split_files | train=1386 test=594 classes=6
Epoch 001/100 | train_loss=1.5779 train_acc=0.4430 | test_loss=1.3595 test_acc=0.6162 | lr=1.00e-03 | patience=0/25 (new best)
Epoch 002/100 | train_loss=1.2051 train_acc=0.6551 | test_loss=1.1382 test_acc=0.6650 | lr=1.00e-03 | patience=0/25 (new best)
Epoch 003/100 | train_loss=1.0204 train_acc=0.6876 | test_loss=1.0308 test_acc=0.6734 | lr=9.99e-04 | patience=0/25 (new best)
Epoch 004/100 | train_loss=0.9241 train_acc=0.7078 | test_loss=0.9681 test_acc=0.6751 | lr=9.98e-04 | patience=0/25 (new best)
Epoch 005/100 | train_loss=0.8559 train_acc=0.7251 | test_loss=0.9311 test_acc=0.6751 | lr=9.96e-04 | patience=1/25
Epoch 006/100 | train_loss=0.8057 train_acc=0.7367 | test_loss=0.8987 test_acc=0.6869 | lr=9.94e-04 | patience=0/25 (new best)
Epoch 007/100 | train_loss=0.7684 train_acc=0.7431 | test_loss=0.8809 test_acc=0.6785 | lr=9.91e-04 | patience=1/25
Epoch 008/100 | train_loss=0.7398 train_acc=0.7431 | test_loss=0.8692 test_acc=0.6852 | lr=9.88e-04 | patience=2/25
Epoch 009/100 | train_loss=0.7198 train_acc=0.7605 | test_loss=0.8513 test_acc=0.6835 | lr=9.84e-04 | patience=3/25
Epoch 010/100 | train_loss=0.6937 train_acc=0.7554 | test_loss=0.8441 test_acc=0.6936 | lr=9.80e-04 | patience=0/25 (new best)
Epoch 011/100 | train_loss=0.6725 train_acc=0.7771 | test_loss=0.8447 test_acc=0.6734 | lr=9.76e-04 | patience=1/25
Epoch 012/100 | train_loss=0.6553 train_acc=0.7785 | test_loss=0.8325 test_acc=0.6936 | lr=9.70e-04 | patience=2/25
Epoch 013/100 | train_loss=0.6468 train_acc=0.7778 | test_loss=0.8316 test_acc=0.6869 | lr=9.65e-04 | patience=3/25
Epoch 014/100 | train_loss=0.6421 train_acc=0.7785 | test_loss=0.8218 test_acc=0.6902 | lr=9.59e-04 | patience=4/25
Epoch 015/100 | train_loss=0.6190 train_acc=0.7713 | test_loss=0.8310 test_acc=0.6869 | lr=9.52e-04 | patience=5/25
Epoch 016/100 | train_loss=0.6175 train_acc=0.7857 | test_loss=0.8246 test_acc=0.6869 | lr=9.46e-04 | patience=6/25
Epoch 017/100 | train_loss=0.6165 train_acc=0.7850 | test_loss=0.8170 test_acc=0.6852 | lr=9.38e-04 | patience=7/25
Epoch 018/100 | train_loss=0.5815 train_acc=0.8001 | test_loss=0.8201 test_acc=0.6835 | lr=9.30e-04 | patience=8/25
Epoch 019/100 | train_loss=0.5809 train_acc=0.7965 | test_loss=0.8175 test_acc=0.6852 | lr=9.22e-04 | patience=9/25
Epoch 020/100 | train_loss=0.5731 train_acc=0.8146 | test_loss=0.8211 test_acc=0.6886 | lr=9.14e-04 | patience=10/25
Epoch 021/100 | train_loss=0.5662 train_acc=0.7973 | test_loss=0.8116 test_acc=0.6902 | lr=9.05e-04 | patience=11/25
Epoch 022/100 | train_loss=0.5619 train_acc=0.8038 | test_loss=0.8197 test_acc=0.6886 | lr=8.95e-04 | patience=12/25
Epoch 023/100 | train_loss=0.5491 train_acc=0.8074 | test_loss=0.8118 test_acc=0.6869 | lr=8.85e-04 | patience=13/25
Epoch 024/100 | train_loss=0.5541 train_acc=0.8059 | test_loss=0.8142 test_acc=0.6886 | lr=8.75e-04 | patience=14/25
Epoch 025/100 | train_loss=0.5558 train_acc=0.8088 | test_loss=0.8159 test_acc=0.6818 | lr=8.65e-04 | patience=15/25
Epoch 026/100 | train_loss=0.5440 train_acc=0.8038 | test_loss=0.8142 test_acc=0.6869 | lr=8.54e-04 | patience=16/25
Epoch 027/100 | train_loss=0.5398 train_acc=0.8088 | test_loss=0.8115 test_acc=0.6886 | lr=8.42e-04 | patience=17/25
Epoch 028/100 | train_loss=0.5348 train_acc=0.8232 | test_loss=0.8196 test_acc=0.6785 | lr=8.31e-04 | patience=18/25
Epoch 029/100 | train_loss=0.5173 train_acc=0.8218 | test_loss=0.8131 test_acc=0.6919 | lr=8.19e-04 | patience=19/25
Epoch 030/100 | train_loss=0.5251 train_acc=0.8131 | test_loss=0.8140 test_acc=0.6869 | lr=8.07e-04 | patience=20/25
Epoch 031/100 | train_loss=0.5283 train_acc=0.8167 | test_loss=0.8110 test_acc=0.6869 | lr=7.94e-04 | patience=21/25
Epoch 032/100 | train_loss=0.5211 train_acc=0.8131 | test_loss=0.8180 test_acc=0.6835 | lr=7.81e-04 | patience=22/25
Epoch 033/100 | train_loss=0.5027 train_acc=0.8326 | test_loss=0.8151 test_acc=0.6835 | lr=7.68e-04 | patience=23/25
Epoch 034/100 | train_loss=0.5093 train_acc=0.8167 | test_loss=0.8129 test_acc=0.6869 | lr=7.55e-04 | patience=24/25
Epoch 035/100 | train_loss=0.4967 train_acc=0.8290 | test_loss=0.8158 test_acc=0.6869 | lr=7.41e-04 | patience=25/25
Early stopping triggered at epoch 35.
best_acc=0.6936
best_epoch=10
best_checkpoint=checkpoints\roi_clip_baseline_seed42_speedfix\best.pt
log_path=logs\roi_clip_baseline_seed42_speedfix.log
