Run: roi_affectspectrum_film_seed44
Device: cuda | AMP: True
Protocol: official train/test only; no validation split is used.
Split: split_files | train=1386 test=594 classes=6
Epoch 001/100 | train_loss=1.6585 train_acc=0.3608 | test_loss=1.4938 test_acc=0.6229 | lr=5.00e-04 | patience=0/25 (new best)
Epoch 002/100 | train_loss=1.3836 train_acc=0.5931 | test_loss=1.3037 test_acc=0.6566 | lr=5.00e-04 | patience=0/25 (new best)
Epoch 003/100 | train_loss=1.2113 train_acc=0.6457 | test_loss=1.1732 test_acc=0.6582 | lr=5.00e-04 | patience=0/25 (new best)
Epoch 004/100 | train_loss=1.0993 train_acc=0.6746 | test_loss=1.0906 test_acc=0.6700 | lr=4.99e-04 | patience=0/25 (new best)
Epoch 005/100 | train_loss=1.0155 train_acc=0.6847 | test_loss=1.0274 test_acc=0.6919 | lr=4.98e-04 | patience=0/25 (new best)
Epoch 006/100 | train_loss=0.9609 train_acc=0.6890 | test_loss=0.9870 test_acc=0.6936 | lr=4.97e-04 | patience=0/25 (new best)
Epoch 007/100 | train_loss=0.9047 train_acc=0.7078 | test_loss=0.9576 test_acc=0.6902 | lr=4.96e-04 | patience=1/25
Epoch 008/100 | train_loss=0.8628 train_acc=0.7136 | test_loss=0.9350 test_acc=0.6953 | lr=4.94e-04 | patience=0/25 (new best)
Epoch 009/100 | train_loss=0.8230 train_acc=0.7352 | test_loss=0.9136 test_acc=0.6852 | lr=4.92e-04 | patience=1/25
Epoch 010/100 | train_loss=0.8176 train_acc=0.7280 | test_loss=0.8989 test_acc=0.6852 | lr=4.90e-04 | patience=2/25
Epoch 011/100 | train_loss=0.7828 train_acc=0.7453 | test_loss=0.8850 test_acc=0.6852 | lr=4.88e-04 | patience=3/25
Epoch 012/100 | train_loss=0.7686 train_acc=0.7460 | test_loss=0.8780 test_acc=0.6902 | lr=4.85e-04 | patience=4/25
Epoch 013/100 | train_loss=0.7385 train_acc=0.7525 | test_loss=0.8659 test_acc=0.6852 | lr=4.82e-04 | patience=5/25
Epoch 014/100 | train_loss=0.7281 train_acc=0.7583 | test_loss=0.8569 test_acc=0.6936 | lr=4.79e-04 | patience=6/25
Epoch 015/100 | train_loss=0.7154 train_acc=0.7496 | test_loss=0.8478 test_acc=0.6902 | lr=4.76e-04 | patience=7/25
Epoch 016/100 | train_loss=0.6983 train_acc=0.7670 | test_loss=0.8415 test_acc=0.6869 | lr=4.73e-04 | patience=8/25
Epoch 017/100 | train_loss=0.6893 train_acc=0.7691 | test_loss=0.8415 test_acc=0.6919 | lr=4.69e-04 | patience=9/25
Epoch 018/100 | train_loss=0.6809 train_acc=0.7670 | test_loss=0.8335 test_acc=0.6953 | lr=4.65e-04 | patience=10/25
Epoch 019/100 | train_loss=0.6745 train_acc=0.7677 | test_loss=0.8305 test_acc=0.6801 | lr=4.61e-04 | patience=11/25
Epoch 020/100 | train_loss=0.6758 train_acc=0.7605 | test_loss=0.8344 test_acc=0.6869 | lr=4.57e-04 | patience=12/25
Epoch 021/100 | train_loss=0.6666 train_acc=0.7706 | test_loss=0.8315 test_acc=0.6869 | lr=4.52e-04 | patience=13/25
Epoch 022/100 | train_loss=0.6419 train_acc=0.7807 | test_loss=0.8260 test_acc=0.6835 | lr=4.48e-04 | patience=14/25
Epoch 023/100 | train_loss=0.6491 train_acc=0.7799 | test_loss=0.8224 test_acc=0.6886 | lr=4.43e-04 | patience=15/25
Epoch 024/100 | train_loss=0.6316 train_acc=0.7799 | test_loss=0.8185 test_acc=0.6801 | lr=4.38e-04 | patience=16/25
Epoch 025/100 | train_loss=0.6313 train_acc=0.7850 | test_loss=0.8218 test_acc=0.6785 | lr=4.32e-04 | patience=17/25
Epoch 026/100 | train_loss=0.6154 train_acc=0.7835 | test_loss=0.8153 test_acc=0.6902 | lr=4.27e-04 | patience=18/25
Epoch 027/100 | train_loss=0.6186 train_acc=0.7734 | test_loss=0.8225 test_acc=0.6785 | lr=4.21e-04 | patience=19/25
Epoch 028/100 | train_loss=0.6081 train_acc=0.7965 | test_loss=0.8174 test_acc=0.6835 | lr=4.15e-04 | patience=20/25
Epoch 029/100 | train_loss=0.6137 train_acc=0.7879 | test_loss=0.8143 test_acc=0.6852 | lr=4.10e-04 | patience=21/25
Epoch 030/100 | train_loss=0.5978 train_acc=0.7965 | test_loss=0.8147 test_acc=0.6869 | lr=4.03e-04 | patience=22/25
Epoch 031/100 | train_loss=0.5870 train_acc=0.7893 | test_loss=0.8143 test_acc=0.6953 | lr=3.97e-04 | patience=23/25
Epoch 032/100 | train_loss=0.5953 train_acc=0.7951 | test_loss=0.8132 test_acc=0.6886 | lr=3.91e-04 | patience=24/25
Epoch 033/100 | train_loss=0.5751 train_acc=0.7944 | test_loss=0.8143 test_acc=0.6886 | lr=3.84e-04 | patience=25/25
Early stopping triggered at epoch 33.
best_acc=0.6953
best_epoch=8
best_checkpoint=checkpoints\roi_affectspectrum_film_seed44\best.pt
log_path=logs\roi_affectspectrum_film_seed44.log
