Run: roi_frequency_only_seed42
Device: cuda | AMP: True
Protocol: official train/test only; no validation split is used.
Split: split_files | train=1386 test=594 classes=6
Epoch 001/100 | train_loss=1.8021 train_acc=0.1811 | test_loss=1.7823 test_acc=0.2121 | lr=1.00e-03 | patience=0/25 (new best)
Epoch 002/100 | train_loss=1.7937 train_acc=0.1876 | test_loss=1.7734 test_acc=0.1886 | lr=1.00e-03 | patience=1/25
Epoch 003/100 | train_loss=1.7793 train_acc=0.2071 | test_loss=1.7638 test_acc=0.2306 | lr=9.99e-04 | patience=0/25 (new best)
Epoch 004/100 | train_loss=1.7724 train_acc=0.1955 | test_loss=1.7700 test_acc=0.2222 | lr=9.98e-04 | patience=1/25
Epoch 005/100 | train_loss=1.7748 train_acc=0.2157 | test_loss=1.7560 test_acc=0.2357 | lr=9.96e-04 | patience=0/25 (new best)
Epoch 006/100 | train_loss=1.7676 train_acc=0.2215 | test_loss=1.7687 test_acc=0.2054 | lr=9.94e-04 | patience=1/25
Epoch 007/100 | train_loss=1.7701 train_acc=0.2100 | test_loss=1.7494 test_acc=0.2357 | lr=9.91e-04 | patience=2/25
Epoch 008/100 | train_loss=1.7590 train_acc=0.2266 | test_loss=1.7515 test_acc=0.2424 | lr=9.88e-04 | patience=0/25 (new best)
Epoch 009/100 | train_loss=1.7594 train_acc=0.2063 | test_loss=1.7455 test_acc=0.2424 | lr=9.84e-04 | patience=1/25
Epoch 010/100 | train_loss=1.7557 train_acc=0.2280 | test_loss=1.7541 test_acc=0.2357 | lr=9.80e-04 | patience=2/25
Epoch 011/100 | train_loss=1.7565 train_acc=0.2294 | test_loss=1.7405 test_acc=0.2458 | lr=9.76e-04 | patience=0/25 (new best)
Epoch 012/100 | train_loss=1.7459 train_acc=0.2439 | test_loss=1.7392 test_acc=0.2357 | lr=9.70e-04 | patience=1/25
Epoch 013/100 | train_loss=1.7463 train_acc=0.2367 | test_loss=1.7377 test_acc=0.2323 | lr=9.65e-04 | patience=2/25
Epoch 014/100 | train_loss=1.7478 train_acc=0.2482 | test_loss=1.7395 test_acc=0.2256 | lr=9.59e-04 | patience=3/25
Epoch 015/100 | train_loss=1.7453 train_acc=0.2280 | test_loss=1.7386 test_acc=0.2290 | lr=9.52e-04 | patience=4/25
Epoch 016/100 | train_loss=1.7410 train_acc=0.2439 | test_loss=1.7343 test_acc=0.2357 | lr=9.46e-04 | patience=5/25
Epoch 017/100 | train_loss=1.7493 train_acc=0.2251 | test_loss=1.7453 test_acc=0.2256 | lr=9.38e-04 | patience=6/25
Epoch 018/100 | train_loss=1.7455 train_acc=0.2417 | test_loss=1.7354 test_acc=0.2458 | lr=9.30e-04 | patience=7/25
Epoch 019/100 | train_loss=1.7331 train_acc=0.2612 | test_loss=1.7307 test_acc=0.2340 | lr=9.22e-04 | patience=8/25
Epoch 020/100 | train_loss=1.7380 train_acc=0.2395 | test_loss=1.7391 test_acc=0.2458 | lr=9.14e-04 | patience=9/25
Epoch 021/100 | train_loss=1.7377 train_acc=0.2525 | test_loss=1.7448 test_acc=0.2189 | lr=9.05e-04 | patience=10/25
Epoch 022/100 | train_loss=1.7379 train_acc=0.2381 | test_loss=1.7316 test_acc=0.2542 | lr=8.95e-04 | patience=0/25 (new best)
Epoch 023/100 | train_loss=1.7358 train_acc=0.2388 | test_loss=1.7316 test_acc=0.2626 | lr=8.85e-04 | patience=0/25 (new best)
Epoch 024/100 | train_loss=1.7295 train_acc=0.2468 | test_loss=1.7285 test_acc=0.2458 | lr=8.75e-04 | patience=1/25
Epoch 025/100 | train_loss=1.7310 train_acc=0.2518 | test_loss=1.7314 test_acc=0.2273 | lr=8.65e-04 | patience=2/25
Epoch 026/100 | train_loss=1.7321 train_acc=0.2482 | test_loss=1.7336 test_acc=0.2424 | lr=8.54e-04 | patience=3/25
Epoch 027/100 | train_loss=1.7336 train_acc=0.2489 | test_loss=1.7369 test_acc=0.2340 | lr=8.42e-04 | patience=4/25
Epoch 028/100 | train_loss=1.7217 train_acc=0.2561 | test_loss=1.7284 test_acc=0.2609 | lr=8.31e-04 | patience=5/25
Epoch 029/100 | train_loss=1.7170 train_acc=0.2554 | test_loss=1.7324 test_acc=0.2609 | lr=8.19e-04 | patience=6/25
Epoch 030/100 | train_loss=1.7290 train_acc=0.2511 | test_loss=1.7383 test_acc=0.2155 | lr=8.07e-04 | patience=7/25
Epoch 031/100 | train_loss=1.7217 train_acc=0.2576 | test_loss=1.7454 test_acc=0.2138 | lr=7.94e-04 | patience=8/25
Epoch 032/100 | train_loss=1.7190 train_acc=0.2662 | test_loss=1.7404 test_acc=0.2441 | lr=7.81e-04 | patience=9/25
Epoch 033/100 | train_loss=1.7220 train_acc=0.2496 | test_loss=1.7328 test_acc=0.2407 | lr=7.68e-04 | patience=10/25
Epoch 034/100 | train_loss=1.7200 train_acc=0.2626 | test_loss=1.7477 test_acc=0.2306 | lr=7.55e-04 | patience=11/25
Epoch 035/100 | train_loss=1.7231 train_acc=0.2496 | test_loss=1.7370 test_acc=0.2441 | lr=7.41e-04 | patience=12/25
Epoch 036/100 | train_loss=1.7127 train_acc=0.2518 | test_loss=1.7325 test_acc=0.2559 | lr=7.27e-04 | patience=13/25
Epoch 037/100 | train_loss=1.7087 train_acc=0.2756 | test_loss=1.7371 test_acc=0.2340 | lr=7.13e-04 | patience=14/25
Epoch 038/100 | train_loss=1.7116 train_acc=0.2655 | test_loss=1.7369 test_acc=0.2424 | lr=6.99e-04 | patience=15/25
Epoch 039/100 | train_loss=1.7121 train_acc=0.2734 | test_loss=1.7301 test_acc=0.2542 | lr=6.84e-04 | patience=16/25
Epoch 040/100 | train_loss=1.7125 train_acc=0.2605 | test_loss=1.7450 test_acc=0.2357 | lr=6.70e-04 | patience=17/25
Epoch 041/100 | train_loss=1.7158 train_acc=0.2597 | test_loss=1.7457 test_acc=0.2508 | lr=6.55e-04 | patience=18/25
Epoch 042/100 | train_loss=1.7069 train_acc=0.2605 | test_loss=1.7527 test_acc=0.2475 | lr=6.40e-04 | patience=19/25
Epoch 043/100 | train_loss=1.7162 train_acc=0.2641 | test_loss=1.7362 test_acc=0.2475 | lr=6.25e-04 | patience=20/25
Epoch 044/100 | train_loss=1.7044 train_acc=0.2569 | test_loss=1.7330 test_acc=0.2374 | lr=6.09e-04 | patience=21/25
Epoch 045/100 | train_loss=1.7035 train_acc=0.2742 | test_loss=1.7362 test_acc=0.2424 | lr=5.94e-04 | patience=22/25
Epoch 046/100 | train_loss=1.6991 train_acc=0.2713 | test_loss=1.7279 test_acc=0.2559 | lr=5.79e-04 | patience=23/25
Epoch 047/100 | train_loss=1.6946 train_acc=0.2684 | test_loss=1.7383 test_acc=0.2391 | lr=5.63e-04 | patience=24/25
Epoch 048/100 | train_loss=1.6942 train_acc=0.2698 | test_loss=1.7356 test_acc=0.2374 | lr=5.48e-04 | patience=25/25
Early stopping triggered at epoch 48.
best_acc=0.2626
best_epoch=23
best_checkpoint=checkpoints\roi_frequency_only_seed42\best.pt
log_path=logs\roi_frequency_only_seed42.log
