Run: roi_affectspectrum_gated_seed44
Device: cuda | AMP: True
Protocol: official train/test only; no validation split is used.
Split: split_files | train=1386 test=594 classes=6
Epoch 001/100 | train_loss=1.4516 train_acc=0.5224 | test_loss=0.9340 test_acc=0.6650 | lr=5.00e-04 | gate=0.006 | patience=0/25 (new best)
Epoch 002/100 | train_loss=0.9831 train_acc=0.7056 | test_loss=0.8820 test_acc=0.6616 | lr=5.00e-04 | gate=0.076 | patience=1/25
Epoch 003/100 | train_loss=0.8989 train_acc=0.7374 | test_loss=0.8316 test_acc=0.6919 | lr=5.00e-04 | gate=0.001 | patience=0/25 (new best)
Epoch 004/100 | train_loss=0.8351 train_acc=0.7626 | test_loss=0.7888 test_acc=0.7121 | lr=4.99e-04 | gate=0.000 | patience=0/25 (new best)
Epoch 005/100 | train_loss=0.7649 train_acc=0.7922 | test_loss=0.8049 test_acc=0.6953 | lr=4.98e-04 | gate=0.000 | patience=1/25
Epoch 006/100 | train_loss=0.7477 train_acc=0.7828 | test_loss=0.8643 test_acc=0.6835 | lr=4.97e-04 | gate=0.000 | patience=2/25
Epoch 007/100 | train_loss=0.6984 train_acc=0.7987 | test_loss=0.8581 test_acc=0.6835 | lr=4.96e-04 | gate=0.000 | patience=3/25
Epoch 008/100 | train_loss=0.6582 train_acc=0.8304 | test_loss=0.8175 test_acc=0.7054 | lr=4.94e-04 | gate=0.000 | patience=4/25
Epoch 009/100 | train_loss=0.6294 train_acc=0.8355 | test_loss=0.8689 test_acc=0.6734 | lr=4.92e-04 | gate=0.000 | patience=5/25
Epoch 010/100 | train_loss=0.6049 train_acc=0.8442 | test_loss=0.8413 test_acc=0.6987 | lr=4.90e-04 | gate=0.001 | patience=6/25
Epoch 011/100 | train_loss=0.5706 train_acc=0.8608 | test_loss=0.8498 test_acc=0.7054 | lr=4.88e-04 | gate=0.002 | patience=7/25
Epoch 012/100 | train_loss=0.5576 train_acc=0.8622 | test_loss=0.8630 test_acc=0.7071 | lr=4.85e-04 | gate=0.000 | patience=8/25
Epoch 013/100 | train_loss=0.5128 train_acc=0.8745 | test_loss=0.9119 test_acc=0.6919 | lr=4.82e-04 | gate=0.000 | patience=9/25
Epoch 014/100 | train_loss=0.5075 train_acc=0.8781 | test_loss=0.9233 test_acc=0.6953 | lr=4.79e-04 | gate=0.000 | patience=10/25
Epoch 015/100 | train_loss=0.4772 train_acc=0.8947 | test_loss=0.9197 test_acc=0.6886 | lr=4.76e-04 | gate=0.000 | patience=11/25
Epoch 016/100 | train_loss=0.4744 train_acc=0.8867 | test_loss=0.9231 test_acc=0.6869 | lr=4.73e-04 | gate=0.000 | patience=12/25
Epoch 017/100 | train_loss=0.4477 train_acc=0.9026 | test_loss=0.9785 test_acc=0.6919 | lr=4.69e-04 | gate=0.000 | patience=13/25
Epoch 018/100 | train_loss=0.4405 train_acc=0.9069 | test_loss=0.9694 test_acc=0.6886 | lr=4.65e-04 | gate=0.000 | patience=14/25
Epoch 019/100 | train_loss=0.4103 train_acc=0.9149 | test_loss=0.9582 test_acc=0.6970 | lr=4.61e-04 | gate=0.000 | patience=15/25
Epoch 020/100 | train_loss=0.4029 train_acc=0.9257 | test_loss=0.9546 test_acc=0.7037 | lr=4.57e-04 | gate=0.000 | patience=16/25
Epoch 021/100 | train_loss=0.3751 train_acc=0.9322 | test_loss=1.0352 test_acc=0.6801 | lr=4.52e-04 | gate=0.000 | patience=17/25
Epoch 022/100 | train_loss=0.3560 train_acc=0.9444 | test_loss=1.0222 test_acc=0.6886 | lr=4.48e-04 | gate=0.000 | patience=18/25
Epoch 023/100 | train_loss=0.3678 train_acc=0.9358 | test_loss=0.9957 test_acc=0.6919 | lr=4.43e-04 | gate=0.000 | patience=19/25
Epoch 024/100 | train_loss=0.3396 train_acc=0.9466 | test_loss=1.0340 test_acc=0.6869 | lr=4.38e-04 | gate=0.000 | patience=20/25
Epoch 025/100 | train_loss=0.3365 train_acc=0.9538 | test_loss=1.0489 test_acc=0.7088 | lr=4.32e-04 | gate=0.000 | patience=21/25
Epoch 026/100 | train_loss=0.3045 train_acc=0.9603 | test_loss=1.0976 test_acc=0.6953 | lr=4.27e-04 | gate=0.000 | patience=22/25
Epoch 027/100 | train_loss=0.3115 train_acc=0.9582 | test_loss=1.0995 test_acc=0.6936 | lr=4.21e-04 | gate=0.000 | patience=23/25
Epoch 028/100 | train_loss=0.2890 train_acc=0.9711 | test_loss=1.0833 test_acc=0.7037 | lr=4.15e-04 | gate=0.000 | patience=24/25
Epoch 029/100 | train_loss=0.2974 train_acc=0.9603 | test_loss=1.0808 test_acc=0.7088 | lr=4.10e-04 | gate=0.000 | patience=25/25
Early stopping triggered at epoch 29.
best_acc=0.7121
best_epoch=4
best_checkpoint=checkpoints\roi_affectspectrum_gated_seed44\best.pt
log_path=logs\roi_affectspectrum_gated_seed44.log
